[debug] [2022-06-05T00:46:46.531Z] ----------------------------------------------------------------------
[debug] [2022-06-05T00:46:46.534Z] Command:       C:\Program Files\nodejs\node.exe C:\Users\luisf\AppData\Roaming\npm\node_modules\firebase-tools\lib\bin\firebase.js init
[debug] [2022-06-05T00:46:46.534Z] CLI Version:   11.0.1
[debug] [2022-06-05T00:46:46.534Z] Platform:      win32
[debug] [2022-06-05T00:46:46.534Z] Node Version:  v17.9.0
[debug] [2022-06-05T00:46:46.535Z] Time:          Sat Jun 04 2022 21:46:46 GMT-0300 (Horário Padrão de Brasília)
[debug] [2022-06-05T00:46:46.535Z] ----------------------------------------------------------------------
[debug] 
[debug] [2022-06-05T00:46:46.541Z] > command requires scopes: ["email","openid","https://www.googleapis.com/auth/cloudplatformprojects.readonly","https://www.googleapis.com/auth/firebase","https://www.googleapis.com/auth/cloud-platform"]
[debug] [2022-06-05T00:46:46.542Z] > authorizing via signed-in user (felipin.bxn@gmail.com)
[info] 
     ######## #### ########  ######## ########     ###     ######  ########
     ##        ##  ##     ## ##       ##     ##  ##   ##  ##       ##
     ######    ##  ########  ######   ########  #########  ######  ######
     ##        ##  ##    ##  ##       ##     ## ##     ##       ## ##
     ##       #### ##     ## ######## ########  ##     ##  ######  ########

You're about to initialize a Firebase project in this directory:

  F:\Dev\santa-sala-cms

[info] 
=== Project Setup
[info] 
[info] First, let's associate this project directory with a Firebase project.
[info] You can create multiple project aliases by running firebase use --add, 
[info] but for now we'll just set up a default project.
[info] 
[debug] [2022-06-05T00:47:07.010Z] >>> [apiv2][query] GET https://firebase.googleapis.com/v1beta1/projects pageSize=100
[debug] [2022-06-05T00:47:08.327Z] <<< [apiv2][status] GET https://firebase.googleapis.com/v1beta1/projects 200
[debug] [2022-06-05T00:47:08.327Z] <<< [apiv2][body] GET https://firebase.googleapis.com/v1beta1/projects [omitted]
[info] i  Using project santasala (SantaSala) 
[info] 
=== Hosting Setup
[info] 
[info] Your public directory is the folder (relative to your project directory) that
[info] will contain Hosting assets to be uploaded with firebase deploy. If you
[info] have a build process for your assets, use your build's output directory.
[info] 
